{
  "RSpec": {
    "coverage": {
      "/home/pl1tz/electronic_grade_book/app/models/user.rb": {
        "lines": [
          1,
          1,
          1,
          null,
          1,
          1,
          1,
          1,
          1,
          null,
          1,
          1,
          1,
          1,
          null,
          1,
          1,
          1,
          1,
          1,
          1,
          1,
          null,
          1,
          2,
          null,
          null,
          1,
          null,
          1,
          null,
          null,
          null,
          null,
          null,
          null,
          null,
          null,
          null,
          null,
          null,
          null,
          1,
          0,
          null,
          null,
          1,
          2,
          null,
          null,
          1,
          4,
          null,
          null,
          1,
          3,
          null,
          null,
          1,
          1,
          null,
          null,
          1,
          3,
          null,
          null
        ]
      },
      "/home/pl1tz/electronic_grade_book/app/models/application_record.rb": {
        "lines": [
          null,
          null,
          1,
          1,
          null
        ]
      },
      "/home/pl1tz/electronic_grade_book/app/helpers/admin_panel_helper.rb": {
        "lines": [
          1,
          null
        ]
      },
      "/home/pl1tz/electronic_grade_book/app/helpers/application_helper.rb": {
        "lines": [
          1,
          1,
          null,
          1,
          4,
          1,
          1,
          1,
          1,
          null,
          null,
          null
        ]
      },
      "/home/pl1tz/electronic_grade_book/app/helpers/extends_reports_helper.rb": {
        "lines": [
          1,
          null
        ]
      },
      "/home/pl1tz/electronic_grade_book/app/helpers/group_helper.rb": {
        "lines": [
          1,
          null
        ]
      },
      "/home/pl1tz/electronic_grade_book/app/helpers/home_helper.rb": {
        "lines": [
          1,
          1,
          3,
          null,
          null
        ]
      },
      "/home/pl1tz/electronic_grade_book/app/helpers/intermediate_attestations_helper.rb": {
        "lines": [
          1,
          null
        ]
      },
      "/home/pl1tz/electronic_grade_book/app/helpers/marks_reports_helper.rb": {
        "lines": [
          1,
          null
        ]
      },
      "/home/pl1tz/electronic_grade_book/app/helpers/record_books_intermediate_attestations_helper.rb": {
        "lines": [
          1,
          null
        ]
      },
      "/home/pl1tz/electronic_grade_book/app/helpers/semesters_helper.rb": {
        "lines": [
          1,
          null
        ]
      },
      "/home/pl1tz/electronic_grade_book/app/helpers/specialities_subjects_helper.rb": {
        "lines": [
          1,
          null
        ]
      },
      "/home/pl1tz/electronic_grade_book/app/helpers/subject_record_books_helper.rb": {
        "lines": [
          1,
          null
        ]
      },
      "/home/pl1tz/electronic_grade_book/app/helpers/subjects_helper.rb": {
        "lines": [
          1,
          null
        ]
      },
      "/home/pl1tz/electronic_grade_book/app/helpers/subjects_record_books_helper.rb": {
        "lines": [
          1,
          null
        ]
      },
      "/home/pl1tz/electronic_grade_book/app/helpers/users_helper.rb": {
        "lines": [
          1,
          null
        ]
      },
      "/home/pl1tz/electronic_grade_book/app/controllers/application_controller.rb": {
        "lines": [
          1,
          1,
          1,
          1,
          null,
          1,
          null,
          1,
          3,
          1,
          2,
          1,
          1,
          1,
          null,
          null,
          null,
          1,
          null,
          1,
          0,
          null,
          null,
          1,
          0,
          null,
          null,
          1,
          1,
          null,
          null,
          1,
          155,
          155,
          null,
          null,
          1,
          155,
          155,
          null,
          null,
          null,
          null,
          1,
          67,
          null,
          1,
          20,
          null,
          null
        ]
      },
      "/home/pl1tz/electronic_grade_book/app/controllers/attestation_retake_reports_controller.rb": {
        "lines": [
          1,
          1,
          2,
          2,
          null,
          null,
          1,
          2,
          2,
          2,
          2,
          2,
          2,
          null,
          2,
          2,
          2,
          2,
          0,
          null,
          2,
          2,
          null,
          2,
          2,
          1,
          1,
          null,
          null,
          2,
          1,
          1,
          null,
          null,
          null,
          null,
          1,
          null,
          1,
          1,
          1,
          null,
          null,
          null,
          1,
          null,
          1,
          1,
          null,
          1,
          1,
          null,
          1,
          1,
          1,
          1,
          1,
          1,
          1,
          1,
          1,
          1,
          1,
          1,
          1,
          1,
          1,
          1,
          1,
          1,
          1,
          1,
          null,
          1,
          1,
          1,
          1,
          1,
          1,
          1,
          null,
          1,
          null,
          1,
          1,
          1,
          null,
          1,
          null,
          null,
          1,
          1,
          1,
          1,
          null,
          1,
          1,
          null,
          1,
          1,
          1,
          1,
          1,
          1,
          1,
          null,
          1,
          null,
          1,
          null,
          1,
          1,
          1,
          1,
          1,
          1,
          1,
          1,
          1,
          1,
          1,
          null,
          null,
          1,
          null,
          null,
          1,
          2,
          null,
          0,
          0,
          null,
          null,
          null
        ]
      },
      "/home/pl1tz/electronic_grade_book/app/controllers/grades_controller.rb": {
        "lines": [
          1,
          1,
          1,
          null,
          1,
          0,
          0,
          0,
          null,
          null,
          1,
          null,
          1,
          0,
          null,
          null,
          1,
          null,
          1,
          0,
          0,
          null,
          0,
          0,
          0,
          0,
          null,
          0,
          0,
          null,
          null,
          null,
          null,
          1,
          0,
          null,
          0,
          0,
          0,
          0,
          null,
          0,
          0,
          null,
          null,
          null,
          null,
          1,
          0,
          0,
          0,
          null,
          null,
          null,
          1,
          0,
          null,
          0,
          null,
          null,
          1,
          null,
          1,
          0,
          null,
          null,
          1,
          0,
          null,
          null,
          1,
          0,
          null,
          0,
          null,
          null,
          null
        ]
      },
      "/home/pl1tz/electronic_grade_book/app/controllers/groups_controller.rb": {
        "lines": [
          1,
          1,
          1,
          null,
          1,
          3,
          3,
          3,
          null,
          3,
          3,
          3,
          null,
          null,
          null,
          null,
          1,
          3,
          3,
          null,
          3,
          3,
          3,
          null,
          null,
          null,
          1,
          1,
          1,
          1,
          null,
          1,
          0,
          0,
          null,
          0,
          null,
          null,
          1,
          1,
          1,
          null,
          null,
          1,
          null,
          null,
          null,
          null,
          1,
          1,
          null,
          null,
          null,
          1,
          null,
          null,
          1,
          2,
          null,
          2,
          0,
          null,
          2,
          null,
          null,
          null,
          null,
          1,
          3,
          2,
          null,
          1,
          null,
          null,
          null,
          null,
          1,
          2,
          2,
          null,
          null,
          1,
          0,
          0,
          null,
          null,
          1,
          null,
          1,
          8,
          null,
          null,
          1,
          7,
          null,
          null
        ]
      },
      "/home/pl1tz/electronic_grade_book/app/controllers/home_controller.rb": {
        "lines": [
          1,
          1,
          1,
          1,
          null
        ]
      },
      "/home/pl1tz/electronic_grade_book/app/controllers/individual_reports_controller.rb": {
        "lines": [
          1,
          1,
          2,
          2,
          2,
          2,
          null,
          null,
          1,
          2,
          2,
          null,
          2,
          2,
          1,
          1,
          null,
          null,
          2,
          1,
          1,
          null,
          null,
          null,
          null
        ]
      },
      "/home/pl1tz/electronic_grade_book/app/controllers/marks_reports_controller.rb": {
        "lines": [
          1,
          1,
          2,
          2,
          null,
          null,
          1,
          2,
          2,
          null,
          2,
          2,
          1,
          1,
          null,
          2,
          1,
          1,
          null,
          null,
          null,
          null
        ]
      },
      "/home/pl1tz/electronic_grade_book/app/controllers/notifications_controller.rb": {
        "lines": [
          1,
          1,
          1,
          null,
          null,
          1,
          1,
          1,
          1,
          null,
          1,
          1,
          1,
          null,
          null,
          null,
          null,
          1,
          1,
          1,
          null,
          null,
          null,
          1,
          1,
          null,
          null,
          null,
          null,
          1,
          null,
          null,
          1,
          9,
          9,
          null,
          9,
          9,
          null,
          5,
          null,
          5,
          null,
          5,
          0,
          null,
          null,
          null,
          10,
          5,
          null,
          8,
          4,
          null,
          null,
          null,
          null,
          null,
          1,
          6,
          3,
          2,
          2,
          2,
          null,
          null,
          3,
          6,
          3,
          null,
          null,
          3,
          6,
          3,
          null,
          null,
          null,
          null,
          null,
          1,
          2,
          2,
          null,
          null,
          null,
          1,
          3,
          3,
          2,
          2,
          null,
          1,
          null,
          null,
          null,
          1,
          null,
          1,
          13,
          null,
          null,
          1,
          3,
          null,
          null,
          1,
          15,
          null,
          null
        ]
      },
      "/home/pl1tz/electronic_grade_book/app/controllers/record_books_controller.rb": {
        "lines": [
          1,
          1,
          1,
          null,
          1,
          0,
          0,
          0,
          null,
          0,
          0,
          null,
          null,
          0,
          0,
          0,
          null,
          null,
          null,
          1,
          0,
          0,
          0,
          null,
          null,
          1,
          0,
          0,
          null,
          null,
          1,
          0,
          null,
          null,
          1,
          0,
          0,
          null,
          0,
          0,
          null,
          0,
          null,
          null,
          null,
          1,
          0,
          0,
          0,
          null,
          0,
          null,
          null,
          null,
          1,
          0,
          0,
          0,
          null,
          null,
          1,
          null,
          1,
          0,
          null,
          null,
          1,
          0,
          null,
          null
        ]
      },
      "/home/pl1tz/electronic_grade_book/app/controllers/reports_controller.rb": {
        "lines": [
          1,
          null,
          1,
          1,
          0,
          0,
          null,
          0,
          null,
          null,
          1,
          null,
          1,
          0,
          null,
          0,
          null,
          0,
          0,
          null,
          0,
          null,
          null,
          0,
          0,
          0,
          0,
          0,
          null,
          0,
          0,
          0,
          null,
          0,
          0,
          null,
          null,
          null,
          0,
          0,
          null,
          null,
          0,
          null,
          0,
          0,
          0,
          0,
          null,
          null,
          0,
          0,
          0,
          0,
          null,
          null,
          0,
          null,
          null,
          null,
          0,
          null,
          null,
          null,
          0,
          0,
          0,
          0,
          null,
          0,
          0,
          0,
          0,
          0,
          null,
          null,
          null,
          0,
          null,
          null,
          null,
          null,
          0,
          0,
          null,
          null,
          0,
          0,
          null,
          null,
          0,
          0,
          0,
          0,
          null,
          null,
          0,
          null,
          null,
          0,
          0,
          0,
          0,
          0,
          null,
          null,
          0,
          0,
          null,
          null
        ]
      },
      "/home/pl1tz/electronic_grade_book/app/controllers/semesters_controller.rb": {
        "lines": [
          1,
          1,
          1,
          1,
          1,
          1,
          1,
          null,
          null,
          1,
          null,
          1,
          2,
          null,
          null,
          1,
          null,
          1,
          4,
          null,
          4,
          2,
          null,
          2,
          null,
          null,
          null,
          1,
          4,
          2,
          null,
          2,
          null,
          null,
          null,
          1,
          2,
          2,
          null,
          0,
          null,
          null,
          null,
          1,
          null,
          1,
          10,
          null,
          0,
          null,
          null,
          1,
          12,
          null,
          null
        ]
      },
      "/home/pl1tz/electronic_grade_book/app/controllers/specialities_subjects_controller.rb": {
        "lines": [
          1,
          1,
          null,
          1,
          0,
          null,
          null,
          1,
          null,
          1,
          0,
          null,
          null,
          1,
          null,
          1,
          0,
          null,
          0,
          0,
          null,
          0,
          null,
          null,
          null,
          1,
          0,
          0,
          null,
          0,
          null,
          null,
          null,
          1,
          0,
          0,
          null,
          null,
          1,
          null,
          1,
          0,
          null,
          null,
          1,
          0,
          null,
          null
        ]
      },
      "/home/pl1tz/electronic_grade_book/app/controllers/specializations_controller.rb": {
        "lines": [
          1,
          1,
          1,
          1,
          null,
          null,
          1,
          2,
          2,
          2,
          null,
          null,
          null,
          1,
          null,
          null,
          1,
          1,
          null,
          null,
          null,
          1,
          null,
          null,
          1,
          3,
          3,
          3,
          3,
          null,
          0,
          0,
          null,
          null,
          null,
          null,
          1,
          6,
          3,
          3,
          null,
          3,
          3,
          null,
          null,
          null,
          null,
          1,
          2,
          2,
          2,
          null,
          0,
          0,
          null,
          null,
          null,
          1,
          null,
          1,
          7,
          null,
          null,
          null,
          1,
          17,
          null,
          null,
          null,
          1,
          14,
          null,
          null
        ]
      },
      "/home/pl1tz/electronic_grade_book/app/controllers/subjects_controller.rb": {
        "lines": [
          1,
          1,
          1,
          null,
          1,
          3,
          3,
          null,
          3,
          3,
          3,
          null,
          3,
          null,
          null,
          1,
          null,
          1,
          2,
          null,
          null,
          1,
          null,
          1,
          4,
          null,
          4,
          4,
          4,
          2,
          null,
          4,
          2,
          null,
          null,
          null,
          null,
          1,
          2,
          2,
          4,
          2,
          null,
          0,
          0,
          null,
          null,
          null,
          null,
          1,
          2,
          null,
          2,
          4,
          2,
          null,
          null,
          null,
          1,
          0,
          0,
          0,
          null,
          0,
          0,
          null,
          null,
          null,
          1,
          0,
          0,
          null,
          0,
          0,
          null,
          null,
          null,
          1,
          null,
          1,
          0,
          0,
          null,
          null,
          1,
          2,
          null,
          null,
          1,
          3,
          null,
          0,
          0,
          null,
          null,
          1,
          18,
          null,
          null,
          1,
          10,
          null,
          null
        ]
      },
      "/home/pl1tz/electronic_grade_book/app/controllers/users/confirmations_controller.rb": {
        "lines": [
          null,
          null,
          1,
          null,
          null,
          null,
          null,
          null,
          null,
          null,
          null,
          null,
          null,
          null,
          null,
          null,
          null,
          null,
          null,
          null,
          null,
          null,
          null,
          null,
          null,
          null,
          null,
          null,
          null,
          null
        ]
      },
      "/home/pl1tz/electronic_grade_book/app/controllers/users/omniauth_callbacks_controller.rb": {
        "lines": [
          null,
          null,
          1,
          null,
          null,
          null,
          null,
          null,
          null,
          null,
          null,
          null,
          null,
          null,
          null,
          null,
          null,
          null,
          null,
          null,
          null,
          null,
          null,
          null,
          null,
          null,
          null,
          null,
          null,
          null
        ]
      },
      "/home/pl1tz/electronic_grade_book/app/controllers/users/passwords_controller.rb": {
        "lines": [
          1,
          null,
          null,
          null,
          null,
          null,
          null,
          null,
          null,
          null,
          null,
          null,
          null,
          null,
          null,
          null,
          null,
          null,
          null,
          null,
          null,
          null,
          null,
          null,
          null,
          null,
          null,
          null,
          null,
          null,
          null,
          null
        ]
      },
      "/home/pl1tz/electronic_grade_book/app/controllers/users/registrations_controller.rb": {
        "lines": [
          null,
          null,
          1,
          null,
          null,
          null,
          null,
          null,
          null,
          null,
          null,
          null,
          1,
          null,
          1,
          null,
          1,
          0,
          0,
          0,
          0,
          null,
          0,
          null,
          null,
          null,
          null,
          null,
          null,
          0,
          null,
          null,
          null,
          null,
          null,
          null,
          null,
          null,
          1,
          0,
          null,
          null,
          1,
          0,
          0,
          0,
          0,
          0,
          0,
          null,
          0,
          null,
          null,
          null,
          1,
          null,
          1,
          0,
          0,
          null,
          0,
          0,
          null,
          null,
          null,
          1,
          0,
          null,
          null
        ]
      },
      "/home/pl1tz/electronic_grade_book/app/controllers/users/sessions_controller.rb": {
        "lines": [
          null,
          null,
          1,
          null,
          null,
          null,
          null,
          null,
          null,
          null,
          null,
          null,
          null,
          null,
          null,
          null,
          null,
          null,
          null,
          null,
          null,
          null,
          null,
          null
        ]
      },
      "/home/pl1tz/electronic_grade_book/app/controllers/users/unlocks_controller.rb": {
        "lines": [
          null,
          null,
          1,
          null,
          null,
          null,
          null,
          null,
          null,
          null,
          null,
          null,
          null,
          null,
          null,
          null,
          null,
          null,
          null,
          null,
          null,
          null,
          null,
          null,
          null,
          null,
          null,
          null,
          null,
          null
        ]
      },
      "/home/pl1tz/electronic_grade_book/app/controllers/users_controller.rb": {
        "lines": [
          1,
          1,
          2,
          2,
          2,
          null,
          null,
          1,
          2,
          2,
          2,
          null,
          null,
          1,
          2,
          2,
          null,
          null,
          1,
          2,
          2,
          null,
          null,
          1,
          4,
          4,
          null,
          4,
          4,
          4,
          2,
          null,
          4,
          2,
          null,
          null,
          null,
          null,
          1,
          0,
          null,
          null,
          1,
          4,
          4,
          4,
          2,
          null,
          2,
          null,
          null,
          null,
          1,
          2,
          2,
          2,
          2,
          null,
          null,
          1,
          1,
          1,
          null,
          1,
          null,
          null,
          1,
          1,
          1,
          null,
          1,
          null,
          null,
          1,
          2,
          2,
          1,
          null,
          1,
          null,
          null,
          null,
          1,
          2,
          2,
          1,
          null,
          1,
          null,
          null,
          null,
          1,
          null,
          1,
          0,
          null,
          null,
          1,
          8,
          null,
          null,
          null,
          null,
          null,
          1,
          2,
          null,
          null,
          1,
          2,
          null,
          null
        ]
      },
      "/home/pl1tz/electronic_grade_book/app/mailers/user_mailer.rb": {
        "lines": [
          1,
          1,
          6,
          6,
          null,
          null
        ]
      },
      "/home/pl1tz/electronic_grade_book/app/mailers/application_mailer.rb": {
        "lines": [
          1,
          1,
          1,
          null
        ]
      },
      "/home/pl1tz/electronic_grade_book/app/models/ability.rb": {
        "lines": [
          1,
          1,
          null,
          1,
          121,
          121,
          121,
          null,
          120,
          120,
          120,
          null,
          null,
          1,
          null,
          1,
          121,
          null,
          null,
          1,
          1,
          0,
          null,
          null,
          null,
          1,
          78,
          null,
          null,
          1,
          24,
          24,
          24,
          24,
          24,
          24,
          24,
          24,
          24,
          24,
          24,
          null,
          null,
          1,
          18,
          18,
          18,
          18,
          18,
          null,
          null
        ]
      },
      "/home/pl1tz/electronic_grade_book/app/models/grade.rb": {
        "lines": [
          1,
          1,
          1,
          null,
          1,
          1,
          null,
          1,
          null,
          1,
          null,
          1,
          8,
          null,
          null,
          1,
          1,
          null,
          null,
          1,
          1,
          null,
          null,
          1,
          null
        ]
      },
      "/home/pl1tz/electronic_grade_book/app/models/group.rb": {
        "lines": [
          1,
          1,
          1,
          1,
          1,
          1,
          null,
          1,
          1,
          1,
          null,
          1,
          0,
          null,
          null,
          1,
          0,
          null,
          null
        ]
      },
      "/home/pl1tz/electronic_grade_book/app/models/groups_intermediate_attestation.rb": {
        "lines": [
          1,
          1,
          1,
          null,
          1,
          1,
          null,
          null
        ]
      },
      "/home/pl1tz/electronic_grade_book/app/models/intermediate_attestation.rb": {
        "lines": [
          null,
          1,
          1,
          1,
          1,
          1,
          1,
          1,
          null,
          1,
          null,
          1,
          0,
          null,
          null,
          1,
          0,
          null,
          null,
          1,
          null,
          13,
          null,
          null,
          null,
          null,
          null,
          1,
          3,
          null,
          null
        ]
      },
      "/home/pl1tz/electronic_grade_book/app/models/notification.rb": {
        "lines": [
          1,
          1,
          1,
          null,
          1,
          1,
          1,
          null,
          1,
          1,
          null,
          null,
          1,
          1,
          null,
          null
        ]
      },
      "/home/pl1tz/electronic_grade_book/app/models/notifications_user.rb": {
        "lines": [
          1,
          1,
          1,
          null,
          1,
          1,
          null,
          null
        ]
      },
      "/home/pl1tz/electronic_grade_book/app/models/record_book.rb": {
        "lines": [
          1,
          1,
          1,
          1,
          1,
          1,
          1,
          null,
          1,
          null,
          1,
          1,
          null,
          null,
          1,
          1,
          null,
          null,
          1,
          0,
          null,
          null,
          1,
          0,
          null,
          null
        ]
      },
      "/home/pl1tz/electronic_grade_book/app/models/role.rb": {
        "lines": [
          1,
          null,
          1,
          null,
          1,
          null,
          null,
          null,
          1,
          null,
          null,
          null,
          1,
          1,
          null,
          1,
          0,
          null,
          null,
          null
        ]
      },
      "/home/pl1tz/electronic_grade_book/app/models/semester.rb": {
        "lines": [
          1,
          1,
          1,
          1,
          null,
          1,
          1,
          null,
          1,
          1,
          null,
          null
        ]
      },
      "/home/pl1tz/electronic_grade_book/app/models/semesters_subject.rb": {
        "lines": [
          1,
          1,
          1,
          null,
          1,
          null,
          1,
          null,
          null,
          null,
          null,
          null,
          null
        ]
      },
      "/home/pl1tz/electronic_grade_book/app/models/specialities_subject.rb": {
        "lines": [
          1,
          1,
          1,
          null,
          1,
          1,
          null,
          1,
          0,
          null,
          null
        ]
      },
      "/home/pl1tz/electronic_grade_book/app/models/specialization.rb": {
        "lines": [
          1,
          1,
          1,
          1,
          1,
          null,
          1,
          null,
          null,
          1,
          1,
          null,
          null,
          null,
          1,
          1,
          null,
          null
        ]
      },
      "/home/pl1tz/electronic_grade_book/app/models/subject.rb": {
        "lines": [
          1,
          1,
          1,
          null,
          1,
          1,
          1,
          1,
          1,
          1,
          1,
          1,
          null,
          1,
          1,
          null,
          null,
          1,
          null,
          1,
          null,
          null,
          null,
          null,
          null,
          null,
          null,
          null,
          null,
          null
        ]
      },
      "/home/pl1tz/electronic_grade_book/app/reports/individual_report.rb": {
        "lines": [
          1,
          null,
          1,
          1,
          0,
          0,
          null,
          0,
          null,
          null,
          null,
          null,
          null,
          null,
          0,
          null,
          null,
          null,
          null,
          null,
          0,
          null,
          null,
          0,
          0,
          null,
          null,
          0,
          0,
          0,
          null,
          null,
          0,
          0,
          0,
          null,
          null,
          0,
          null,
          0,
          0,
          null,
          0,
          null,
          0,
          0,
          null,
          null,
          0,
          0,
          0,
          null,
          0,
          0,
          0,
          0,
          0,
          0,
          0,
          null,
          0,
          null,
          0,
          0,
          0,
          null,
          null,
          null,
          null,
          null,
          1,
          0,
          0,
          null,
          0,
          null,
          0,
          0,
          null,
          0,
          0,
          null,
          0,
          0,
          0,
          0,
          0,
          0,
          0,
          0,
          0,
          0,
          0,
          0,
          0,
          0,
          0,
          0,
          0,
          0,
          0,
          null,
          null,
          0,
          null,
          null,
          null,
          1,
          null,
          1,
          0,
          null,
          null,
          1,
          null,
          0,
          null
        ]
      },
      "/home/pl1tz/electronic_grade_book/app/reports/marks_report.rb": {
        "lines": [
          1,
          1,
          0,
          0,
          null,
          null,
          null,
          null,
          0,
          null,
          0,
          null,
          null,
          0,
          0,
          null,
          null,
          null,
          0,
          0,
          0,
          null,
          null,
          0,
          0,
          0,
          null,
          0,
          0,
          0,
          null,
          0,
          0,
          0,
          0,
          0,
          null,
          0,
          null,
          0,
          0,
          null,
          null,
          0,
          null,
          null,
          1,
          0,
          0,
          0,
          0,
          0,
          0,
          0,
          0,
          0,
          null,
          0,
          0,
          0,
          null,
          0,
          0,
          0,
          0,
          0,
          0,
          0,
          0,
          null,
          null,
          0,
          null,
          null,
          null
        ]
      },
      "/home/pl1tz/electronic_grade_book/app/models/teachers_subject.rb": {
        "lines": [
          1,
          1,
          1,
          null
        ]
      },
      "/home/pl1tz/electronic_grade_book/app/controllers/extends_reports_controller.rb": {
        "lines": [
          1,
          1,
          null
        ]
      },
      "/home/pl1tz/electronic_grade_book/app/controllers/individual_docx_reports_controller.rb": {
        "lines": [
          0,
          null,
          0,
          0,
          null,
          0,
          null,
          0,
          0,
          null,
          0,
          null,
          0,
          0,
          null,
          0,
          null,
          0,
          0,
          null,
          0,
          null,
          null,
          null,
          0,
          0,
          0,
          0,
          null,
          0,
          0,
          0,
          null,
          null,
          0,
          0,
          null,
          0,
          null,
          0,
          0,
          0,
          0
        ],
        "branches": {
        }
      },
      "/home/pl1tz/electronic_grade_book/app/controllers/intermediate_attestations_controller.rb": {
        "lines": [
          0,
          0,
          0,
          0,
          null,
          0,
          0,
          0,
          null,
          0,
          0,
          0,
          null,
          0,
          0,
          null,
          0,
          0,
          0,
          0,
          0,
          null,
          0,
          0,
          0,
          null,
          0,
          0,
          0,
          0,
          0,
          0,
          0,
          0,
          null,
          0,
          null,
          0,
          null,
          0,
          null,
          0,
          null,
          0,
          0,
          null,
          0,
          0,
          0,
          0,
          0,
          0,
          null,
          0,
          0,
          0,
          0,
          0,
          0,
          0,
          0,
          null,
          0,
          0,
          0,
          0,
          null,
          0,
          null,
          0,
          0,
          0,
          null,
          0,
          0,
          0,
          0,
          0,
          null,
          0,
          0,
          0,
          0
        ],
        "branches": {
        }
      },
      "/home/pl1tz/electronic_grade_book/app/controllers/record_books_intermediate_attestations_controller.rb": {
        "lines": [
          0,
          0,
          null,
          0,
          0,
          0,
          null,
          0,
          null,
          0,
          0,
          0,
          null,
          0,
          null,
          0,
          0,
          null,
          0,
          0,
          0,
          0,
          0,
          0,
          0,
          null,
          0,
          0,
          0,
          0,
          0,
          0,
          0,
          0,
          null,
          0,
          0,
          0,
          0,
          0,
          null,
          0,
          null,
          0,
          0,
          0,
          null,
          0,
          0,
          0,
          0
        ],
        "branches": {
        }
      },
      "/home/pl1tz/electronic_grade_book/app/controllers/subjects_record_books_controller.rb": {
        "lines": [
          0,
          0,
          null,
          0,
          0,
          0,
          null,
          0,
          null,
          0,
          0,
          0,
          null,
          0,
          null,
          0,
          0,
          null,
          0,
          0,
          0,
          0,
          0,
          0,
          null,
          0,
          0,
          0,
          0,
          0,
          0,
          0,
          null,
          0,
          0,
          0,
          0,
          null,
          0,
          null,
          0,
          0,
          0,
          null,
          0,
          0,
          0,
          0
        ],
        "branches": {
        }
      }
    },
    "timestamp": 1724255531
  }
}
